2025-12-03T04:57:19.949931+00:00 INFO 'ansible_navigator.setup_logger' New ansible-navigator instance, logging initialized
2025-12-03T04:57:19.950300+00:00 INFO 'ansible_navigator.setup_logger' New ansible-runner instance, logging initialized
2025-12-03T04:57:19.950354+00:00 DEBUG 'ansible_navigator.main' ansible-builder==1.1.0 /usr/lib/python3.9/site-packages
2025-12-03T04:57:19.950396+00:00 DEBUG 'ansible_navigator.main' ansible-core==2.13.0 /usr/lib/python3.9/site-packages
2025-12-03T04:57:19.950420+00:00 DEBUG 'ansible_navigator.main' ansible-navigator==2.1.0 /usr/lib/python3.9/site-packages
2025-12-03T04:57:19.950442+00:00 DEBUG 'ansible_navigator.main' ansible-runner==2.2.0 /usr/lib/python3.9/site-packages
2025-12-03T04:57:19.950462+00:00 DEBUG 'ansible_navigator.main' attrs==21.4.0 /usr/lib/python3.9/site-packages
2025-12-03T04:57:19.950483+00:00 DEBUG 'ansible_navigator.main' babel==2.9.1 /usr/lib/python3.9/site-packages
2025-12-03T04:57:19.950503+00:00 DEBUG 'ansible_navigator.main' bindep==2.10.2 /usr/lib/python3.9/site-packages
2025-12-03T04:57:19.950523+00:00 DEBUG 'ansible_navigator.main' brlapi==0.8.2 /usr/lib64/python3.9/site-packages
2025-12-03T04:57:19.950543+00:00 DEBUG 'ansible_navigator.main' certifi==2020.6.20 /usr/lib/python3.9/site-packages
2025-12-03T04:57:19.950562+00:00 DEBUG 'ansible_navigator.main' cffi==1.15.0 /usr/lib64/python3.9/site-packages
2025-12-03T04:57:19.950582+00:00 DEBUG 'ansible_navigator.main' chardet==4.0.0 /usr/lib/python3.9/site-packages
2025-12-03T04:57:19.950602+00:00 DEBUG 'ansible_navigator.main' charset-normalizer==2.0.11 /usr/lib/python3.9/site-packages
2025-12-03T04:57:19.950622+00:00 DEBUG 'ansible_navigator.main' chrome-gnome-shell==0.0.0 /usr/lib/python3.9/site-packages
2025-12-03T04:57:19.950642+00:00 DEBUG 'ansible_navigator.main' cloud-init==21.1 /usr/lib/python3.9/site-packages
2025-12-03T04:57:19.950661+00:00 DEBUG 'ansible_navigator.main' configobj==5.0.6 /usr/lib/python3.9/site-packages
2025-12-03T04:57:19.950681+00:00 DEBUG 'ansible_navigator.main' cryptography==36.0.1 /usr/lib64/python3.9/site-packages
2025-12-03T04:57:19.950701+00:00 DEBUG 'ansible_navigator.main' cupshelpers==1.0 /usr/lib/python3.9/site-packages
2025-12-03T04:57:19.950726+00:00 DEBUG 'ansible_navigator.main' dasbus==1.4 /usr/lib/python3.9/site-packages
2025-12-03T04:57:19.950747+00:00 DEBUG 'ansible_navigator.main' dbus-python==1.2.18 /usr/lib64/python3.9/site-packages
2025-12-03T04:57:19.950766+00:00 DEBUG 'ansible_navigator.main' decorator==4.4.2 /usr/lib/python3.9/site-packages
2025-12-03T04:57:19.950786+00:00 DEBUG 'ansible_navigator.main' distlib==0.3.4 /usr/local/lib/python3.9/site-packages
2025-12-03T04:57:19.950816+00:00 DEBUG 'ansible_navigator.main' distro==1.6.0 /usr/lib/python3.9/site-packages
2025-12-03T04:57:19.950836+00:00 DEBUG 'ansible_navigator.main' docutils==0.16 /usr/lib/python3.9/site-packages
2025-12-03T04:57:19.950856+00:00 DEBUG 'ansible_navigator.main' ethtool==0.15 /usr/lib64/python3.9/site-packages
2025-12-03T04:57:19.950879+00:00 DEBUG 'ansible_navigator.main' file-magic==0.4.0 /usr/lib/python3.9/site-packages
2025-12-03T04:57:19.950899+00:00 DEBUG 'ansible_navigator.main' filelock==3.7.0 /usr/local/lib/python3.9/site-packages
2025-12-03T04:57:19.950919+00:00 DEBUG 'ansible_navigator.main' gpg==1.15.1 /usr/lib64/python3.9/site-packages
2025-12-03T04:57:19.950938+00:00 DEBUG 'ansible_navigator.main' idna==3.3 /usr/lib/python3.9/site-packages
2025-12-03T04:57:19.950958+00:00 DEBUG 'ansible_navigator.main' iniparse==0.4 /usr/lib/python3.9/site-packages
2025-12-03T04:57:19.950978+00:00 DEBUG 'ansible_navigator.main' jinja2==3.0.3 /usr/lib/python3.9/site-packages
2025-12-03T04:57:19.950997+00:00 DEBUG 'ansible_navigator.main' jsonpatch==1.21 /usr/lib/python3.9/site-packages
2025-12-03T04:57:19.951017+00:00 DEBUG 'ansible_navigator.main' jsonpointer==2.0 /usr/lib/python3.9/site-packages
2025-12-03T04:57:19.951037+00:00 DEBUG 'ansible_navigator.main' jsonschema==3.2.0 /usr/lib/python3.9/site-packages
2025-12-03T04:57:19.951059+00:00 DEBUG 'ansible_navigator.main' libcomps==0.1.18 /usr/lib64/python3.9/site-packages
2025-12-03T04:57:19.951099+00:00 DEBUG 'ansible_navigator.main' lockfile==0.12.2 /usr/lib/python3.9/site-packages
2025-12-03T04:57:19.951121+00:00 DEBUG 'ansible_navigator.main' lxml==4.6.5 /usr/lib64/python3.9/site-packages
2025-12-03T04:57:19.951141+00:00 DEBUG 'ansible_navigator.main' markupsafe==2.1.0 /usr/lib64/python3.9/site-packages
2025-12-03T04:57:19.951161+00:00 DEBUG 'ansible_navigator.main' netifaces==0.10.6 /usr/lib64/python3.9/site-packages
2025-12-03T04:57:19.951180+00:00 DEBUG 'ansible_navigator.main' nftables==0.1 /usr/lib/python3.9/site-packages
2025-12-03T04:57:19.951200+00:00 DEBUG 'ansible_navigator.main' oauthlib==3.1.1 /usr/lib/python3.9/site-packages
2025-12-03T04:57:19.951220+00:00 DEBUG 'ansible_navigator.main' onigurumacffi==1.1.0 /usr/lib64/python3.9/site-packages
2025-12-03T04:57:19.951243+00:00 DEBUG 'ansible_navigator.main' packaging==21.2 /usr/lib/python3.9/site-packages
2025-12-03T04:57:19.951263+00:00 DEBUG 'ansible_navigator.main' parsley==1.3 /usr/lib/python3.9/site-packages
2025-12-03T04:57:19.951283+00:00 DEBUG 'ansible_navigator.main' pbr==5.8.1 /usr/lib/python3.9/site-packages
2025-12-03T04:57:19.951303+00:00 DEBUG 'ansible_navigator.main' perf==0.1 /usr/lib64/python3.9/site-packages
2025-12-03T04:57:19.951322+00:00 DEBUG 'ansible_navigator.main' pexpect==4.8.0 /usr/lib/python3.9/site-packages
2025-12-03T04:57:19.951342+00:00 DEBUG 'ansible_navigator.main' pip==21.2.3 /usr/lib/python3.9/site-packages
2025-12-03T04:57:19.951377+00:00 DEBUG 'ansible_navigator.main' platformdirs==2.5.2 /usr/local/lib/python3.9/site-packages
2025-12-03T04:57:19.951402+00:00 DEBUG 'ansible_navigator.main' prettytable==0.7.2 /usr/lib/python3.9/site-packages
2025-12-03T04:57:19.951422+00:00 DEBUG 'ansible_navigator.main' psutil==5.8.0 /usr/lib64/python3.9/site-packages
2025-12-03T04:57:19.951442+00:00 DEBUG 'ansible_navigator.main' ptyprocess==0.6.0 /usr/lib/python3.9/site-packages
2025-12-03T04:57:19.951462+00:00 DEBUG 'ansible_navigator.main' pycairo==1.20.0 /usr/lib64/python3.9/site-packages
2025-12-03T04:57:19.951482+00:00 DEBUG 'ansible_navigator.main' pycparser==2.21 /usr/lib/python3.9/site-packages
2025-12-03T04:57:19.951501+00:00 DEBUG 'ansible_navigator.main' pycups==2.0.1 /usr/lib64/python3.9/site-packages
2025-12-03T04:57:19.951520+00:00 DEBUG 'ansible_navigator.main' pycurl==7.43.0.6 /usr/lib64/python3.9/site-packages
2025-12-03T04:57:19.951540+00:00 DEBUG 'ansible_navigator.main' pyenchant==3.2.0 /usr/lib/python3.9/site-packages
2025-12-03T04:57:19.951561+00:00 DEBUG 'ansible_navigator.main' pygobject==3.40.1 /usr/lib64/python3.9/site-packages
2025-12-03T04:57:19.951584+00:00 DEBUG 'ansible_navigator.main' pyinotify==0.9.6 /usr/lib/python3.9/site-packages
2025-12-03T04:57:19.951604+00:00 DEBUG 'ansible_navigator.main' pyopenssl==19.1.0 /usr/lib/python3.9/site-packages
2025-12-03T04:57:19.951623+00:00 DEBUG 'ansible_navigator.main' pyparsing==2.4.7 /usr/lib/python3.9/site-packages
2025-12-03T04:57:19.951643+00:00 DEBUG 'ansible_navigator.main' pyrsistent==0.17.3 /usr/lib64/python3.9/site-packages
2025-12-03T04:57:19.951663+00:00 DEBUG 'ansible_navigator.main' pyserial==3.4 /usr/lib/python3.9/site-packages
2025-12-03T04:57:19.951683+00:00 DEBUG 'ansible_navigator.main' pysocks==1.7.1 /usr/lib/python3.9/site-packages
2025-12-03T04:57:19.951702+00:00 DEBUG 'ansible_navigator.main' python-daemon==2.3.0 /usr/lib/python3.9/site-packages
2025-12-03T04:57:19.951722+00:00 DEBUG 'ansible_navigator.main' python-dateutil==2.8.1 /usr/lib/python3.9/site-packages
2025-12-03T04:57:19.951742+00:00 DEBUG 'ansible_navigator.main' python-dmidecode==3.12.2 /usr/lib64/python3.9/site-packages
2025-12-03T04:57:19.951761+00:00 DEBUG 'ansible_navigator.main' python-linux-procfs==0.7.0 /usr/lib/python3.9/site-packages
2025-12-03T04:57:19.951781+00:00 DEBUG 'ansible_navigator.main' pytz==2021.3 /usr/lib/python3.9/site-packages
2025-12-03T04:57:19.951817+00:00 DEBUG 'ansible_navigator.main' pyudev==0.22.0 /usr/lib/python3.9/site-packages
2025-12-03T04:57:19.951841+00:00 DEBUG 'ansible_navigator.main' pyxdg==0.27 /usr/lib/python3.9/site-packages
2025-12-03T04:57:19.951866+00:00 DEBUG 'ansible_navigator.main' pyyaml==5.4.1 /usr/lib64/python3.9/site-packages
2025-12-03T04:57:19.951886+00:00 DEBUG 'ansible_navigator.main' requests==2.27.1 /usr/lib/python3.9/site-packages
2025-12-03T04:57:19.951906+00:00 DEBUG 'ansible_navigator.main' requirements-parser==0.2.0 /usr/lib/python3.9/site-packages
2025-12-03T04:57:19.951926+00:00 DEBUG 'ansible_navigator.main' resolvelib==0.5.4 /usr/lib/python3.9/site-packages
2025-12-03T04:57:19.951946+00:00 DEBUG 'ansible_navigator.main' rpm==4.16.1.3 /usr/lib64/python3.9/site-packages
2025-12-03T04:57:19.951965+00:00 DEBUG 'ansible_navigator.main' selinux==3.3 /usr/lib64/python3.9/site-packages
2025-12-03T04:57:19.951985+00:00 DEBUG 'ansible_navigator.main' sepolicy==3.3 /usr/lib/python3.9/site-packages
2025-12-03T04:57:19.952005+00:00 DEBUG 'ansible_navigator.main' setools==4.4.0 /usr/lib64/python3.9/site-packages
2025-12-03T04:57:19.952024+00:00 DEBUG 'ansible_navigator.main' setroubleshoot==1.1 /usr/lib/python3.9/site-packages
2025-12-03T04:57:19.952044+00:00 DEBUG 'ansible_navigator.main' setuptools==53.0.0 /usr/lib/python3.9/site-packages
2025-12-03T04:57:19.952064+00:00 DEBUG 'ansible_navigator.main' six==1.16.0 /usr/lib/python3.9/site-packages
2025-12-03T04:57:19.952083+00:00 DEBUG 'ansible_navigator.main' sos==4.2 /usr/lib/python3.9/site-packages
2025-12-03T04:57:19.952103+00:00 DEBUG 'ansible_navigator.main' subscription-manager==1.29.26 /usr/lib64/python3.9/site-packages
2025-12-03T04:57:19.952123+00:00 DEBUG 'ansible_navigator.main' systemd-python==234 /usr/lib64/python3.9/site-packages
2025-12-03T04:57:19.952142+00:00 DEBUG 'ansible_navigator.main' urllib3==1.26.8 /usr/lib/python3.9/site-packages
2025-12-03T04:57:19.952162+00:00 DEBUG 'ansible_navigator.main' virtualenv==20.14.1 /usr/local/lib/python3.9/site-packages
2025-12-03T04:57:19.952182+00:00 DEBUG 'ansible_navigator.main' Share directory '/usr/lib/python3.9/share/ansible_navigator' not found (development path)
2025-12-03T04:57:19.952203+00:00 DEBUG 'ansible_navigator.main' Share directory '/home/student/.local/share/ansible_navigator' not found (userbase)
2025-12-03T04:57:19.952222+00:00 DEBUG 'ansible_navigator.main' Share directory '/usr/share/ansible_navigator' found (sys.prefix)
2025-12-03T04:57:19.952242+00:00 DEBUG 'ansible_navigator.main' Default collection_doc_cache_path set to: /home/student/.cache/ansible-navigator/collection_doc_cache.db
2025-12-03T04:57:19.952263+00:00 DEBUG 'ansible_navigator.main' EDITOR environment variable not set
2025-12-03T04:57:19.952283+00:00 DEBUG 'ansible_navigator.main' Default editor_command set to: vi +{line_number} {filename}
2025-12-03T04:57:19.952302+00:00 DEBUG 'ansible_navigator.main' No config file set by ANSIBLE_NAVIGATOR_CONFIG
2025-12-03T04:57:19.952322+00:00 DEBUG 'ansible_navigator.main' Looking in /home/student
2025-12-03T04:57:19.952342+00:00 DEBUG 'ansible_navigator.main' Looking for '/home/student/.ansible-navigator.yml', '/home/student/.ansible-navigator.yaml' and '/home/student/.ansible-navigator.json'
2025-12-03T04:57:19.952370+00:00 DEBUG 'ansible_navigator.main' Found 1: '/home/student/.ansible-navigator.yml'
2025-12-03T04:57:19.952393+00:00 DEBUG 'ansible_navigator.main' Looking in /home/student/projdir/variables
2025-12-03T04:57:19.952413+00:00 DEBUG 'ansible_navigator.main' Looking for '/home/student/projdir/variables/ansible-navigator.yml', '/home/student/projdir/variables/ansible-navigator.yaml' and '/home/student/projdir/variables/ansible-navigator.json'
2025-12-03T04:57:19.952434+00:00 DEBUG 'ansible_navigator.main' Found 1: '/home/student/projdir/variables/ansible-navigator.yml'
2025-12-03T04:57:19.952454+00:00 DEBUG 'ansible_navigator.main' All found 2: '/home/student/.ansible-navigator.yml' and '/home/student/projdir/variables/ansible-navigator.yml'
2025-12-03T04:57:19.952474+00:00 DEBUG 'ansible_navigator.main' Using: /home/student/projdir/variables/ansible-navigator.yml
2025-12-03T04:57:19.952494+00:00 DEBUG 'ansible_navigator.main' Using settings file at /home/student/projdir/variables/ansible-navigator.yml in search path
2025-12-03T04:57:19.952518+00:00 DEBUG 'ansible_navigator.main' Command provided: 'doc -t foo -l'
2025-12-03T04:57:19.952541+00:00 DEBUG 'ansible_navigator.main' ansible-navigator.ansible-runner.artifact-dir not found in settings file
2025-12-03T04:57:19.952562+00:00 DEBUG 'ansible_navigator.main' ansible-navigator.ansible-runner.rotate-artifacts-count not found in settings file
2025-12-03T04:57:19.952582+00:00 DEBUG 'ansible_navigator.main' ansible-navigator.ansible-runner.timeout not found in settings file
2025-12-03T04:57:19.952602+00:00 DEBUG 'ansible_navigator.main' ansible-navigator.app not found in settings file
2025-12-03T04:57:19.952621+00:00 DEBUG 'ansible_navigator.main' ansible-navigator.ansible.cmdline not found in settings file
2025-12-03T04:57:19.952641+00:00 DEBUG 'ansible_navigator.main' ansible-navigator.collection-doc-cache-path not found in settings file
2025-12-03T04:57:19.952661+00:00 DEBUG 'ansible_navigator.main' ansible-navigator.ansible.config.path not found in settings file
2025-12-03T04:57:19.952681+00:00 DEBUG 'ansible_navigator.main' ansible-navigator.execution-environment.container-options not found in settings file
2025-12-03T04:57:19.952700+00:00 DEBUG 'ansible_navigator.main' ansible-navigator.color.enable not found in settings file
2025-12-03T04:57:19.952720+00:00 DEBUG 'ansible_navigator.main' ansible-navigator.editor.command not found in settings file
2025-12-03T04:57:19.952739+00:00 DEBUG 'ansible_navigator.main' ansible-navigator.editor.console not found in settings file
2025-12-03T04:57:19.952759+00:00 DEBUG 'ansible_navigator.main' ansible-navigator.exec.command not found in settings file
2025-12-03T04:57:19.952779+00:00 DEBUG 'ansible_navigator.main' ansible-navigator.exec.shell not found in settings file
2025-12-03T04:57:19.952811+00:00 DEBUG 'ansible_navigator.main' ansible-navigator.execution-environment.volume-mounts not found in settings file
2025-12-03T04:57:19.952832+00:00 DEBUG 'ansible_navigator.main' ansible-navigator.ansible-builder.help not found in settings file
2025-12-03T04:57:19.952852+00:00 DEBUG 'ansible_navigator.main' ansible-navigator.ansible.config.help not found in settings file
2025-12-03T04:57:19.952871+00:00 DEBUG 'ansible_navigator.main' ansible-navigator.ansible.doc.help not found in settings file
2025-12-03T04:57:19.952895+00:00 DEBUG 'ansible_navigator.main' ansible-navigator.ansible.inventory.help not found in settings file
2025-12-03T04:57:19.952915+00:00 DEBUG 'ansible_navigator.main' ansible-navigator.ansible.playbook.help not found in settings file
2025-12-03T04:57:19.952938+00:00 DEBUG 'ansible_navigator.main' ansible-navigator.images.details not found in settings file
2025-12-03T04:57:19.952961+00:00 DEBUG 'ansible_navigator.main' ansible-navigator.ansible.inventory.entries not found in settings file
2025-12-03T04:57:19.952981+00:00 DEBUG 'ansible_navigator.main' ansible-navigator.inventory-columns not found in settings file
2025-12-03T04:57:19.953001+00:00 DEBUG 'ansible_navigator.main' ansible-navigator.ansible-lint.config not found in settings file
2025-12-03T04:57:19.953022+00:00 DEBUG 'ansible_navigator.main' ansible-navigator.ansible-lint.lintables not found in settings file
2025-12-03T04:57:19.953041+00:00 DEBUG 'ansible_navigator.main' ansible-navigator.logging.append not found in settings file
2025-12-03T04:57:19.953061+00:00 DEBUG 'ansible_navigator.main' ansible-navigator.logging.file not found in settings file
2025-12-03T04:57:19.953081+00:00 DEBUG 'ansible_navigator.main' ansible-navigator.logging.level not found in settings file
2025-12-03T04:57:19.953100+00:00 DEBUG 'ansible_navigator.main' ansible-navigator.mode not found in settings file
2025-12-03T04:57:19.953120+00:00 DEBUG 'ansible_navigator.main' ansible-navigator.color.osc4 not found in settings file
2025-12-03T04:57:19.953140+00:00 DEBUG 'ansible_navigator.main' ansible-navigator.execution-environment.environment-variables.pass not found in settings file
2025-12-03T04:57:19.953160+00:00 DEBUG 'ansible_navigator.main' ansible-navigator.ansible.playbook.path not found in settings file
2025-12-03T04:57:19.953183+00:00 DEBUG 'ansible_navigator.main' ansible-navigator.playbook-artifact.replay not found in settings file
2025-12-03T04:57:19.953204+00:00 DEBUG 'ansible_navigator.main' ansible-navigator.playbook-artifact.save-as not found in settings file
2025-12-03T04:57:19.953223+00:00 DEBUG 'ansible_navigator.main' ansible-navigator.ansible.doc.plugin.name not found in settings file
2025-12-03T04:57:19.953244+00:00 DEBUG 'ansible_navigator.main' ansible-navigator.ansible.doc.plugin.type not found in settings file
2025-12-03T04:57:19.953268+00:00 DEBUG 'ansible_navigator.main' ansible-navigator.execution-environment.pull.arguments not found in settings file
2025-12-03T04:57:19.953287+00:00 DEBUG 'ansible_navigator.main' ansible-navigator.execution-environment.environment-variables.set not found in settings file
2025-12-03T04:57:19.953309+00:00 DEBUG 'ansible_navigator.main' ansible-navigator.settings.effective not found in settings file
2025-12-03T04:57:19.953331+00:00 DEBUG 'ansible_navigator.main' ansible-navigator.settings.sample not found in settings file
2025-12-03T04:57:19.953350+00:00 DEBUG 'ansible_navigator.main' ansible-navigator.settings.schema not found in settings file
2025-12-03T04:57:19.953429+00:00 DEBUG 'ansible_navigator.main' ansible-navigator.settings.sources not found in settings file
2025-12-03T04:57:19.953450+00:00 DEBUG 'ansible_navigator.main' ansible-navigator.time-zone not found in settings file
2025-12-03T04:57:19.953470+00:00 DEBUG 'ansible_navigator.main' ansible-navigator.ansible-builder.workdir not found in settings file
2025-12-03T04:57:19.953489+00:00 DEBUG 'ansible_navigator.main' EE support enabled: using current working directory for 'ansible.cfg'
2025-12-03T04:57:19.953509+00:00 INFO 'ansible_navigator.main' EE support enabled: found 'ansible.cfg' in current working directory.
2025-12-03T04:57:19.953529+00:00 DEBUG 'ansible_navigator.main' Completed post processing for ansible_runner_artifact_dir. (changed=False)
2025-12-03T04:57:19.953549+00:00 DEBUG 'ansible_navigator.main' Completed post processing for ansible_runner_rotate_artifacts_count. (changed=False)
2025-12-03T04:57:19.953568+00:00 DEBUG 'ansible_navigator.main' Completed post processing for ansible_runner_timeout. (changed=False)
2025-12-03T04:57:19.953588+00:00 DEBUG 'ansible_navigator.main' Completed post processing for cmdline. (changed=False)
2025-12-03T04:57:19.953608+00:00 DEBUG 'ansible_navigator.main' Completed post processing for collection_doc_cache_path. (changed=False)
2025-12-03T04:57:19.953627+00:00 DEBUG 'ansible_navigator.main' Completed post processing for container_engine. (changed=False)
2025-12-03T04:57:19.953647+00:00 DEBUG 'ansible_navigator.main' Completed post processing for container_options. (changed=False)
2025-12-03T04:57:19.953666+00:00 DEBUG 'ansible_navigator.main' Completed post processing for display_color. (changed=False)
2025-12-03T04:57:19.953686+00:00 DEBUG 'ansible_navigator.main' Completed post processing for execution_environment. (changed=False)
2025-12-03T04:57:19.953706+00:00 DEBUG 'ansible_navigator.main' Completed post processing for execution_environment_image. (changed=False)
2025-12-03T04:57:19.953725+00:00 DEBUG 'ansible_navigator.main' Completed post processing for help_builder. (changed=False)
2025-12-03T04:57:19.953745+00:00 DEBUG 'ansible_navigator.main' Completed post processing for help_config. (changed=False)
2025-12-03T04:57:19.953764+00:00 DEBUG 'ansible_navigator.main' Completed post processing for help_doc. (changed=False)
2025-12-03T04:57:19.953784+00:00 DEBUG 'ansible_navigator.main' Completed post processing for help_inventory. (changed=False)
2025-12-03T04:57:19.953812+00:00 DEBUG 'ansible_navigator.main' Completed post processing for help_playbook. (changed=False)
2025-12-03T04:57:19.953843+00:00 DEBUG 'ansible_navigator.main' Completed post processing for images_details. (changed=False)
2025-12-03T04:57:19.953864+00:00 DEBUG 'ansible_navigator.main' Completed post processing for inventory. (changed=True)
2025-12-03T04:57:19.953888+00:00 DEBUG 'ansible_navigator.main'  before: 'Not set'
2025-12-03T04:57:19.953908+00:00 DEBUG 'ansible_navigator.main'  after: '['/home/student/projdir/variables/inventory']'
2025-12-03T04:57:19.953928+00:00 DEBUG 'ansible_navigator.main' Completed post processing for inventory_column. (changed=False)
2025-12-03T04:57:19.953955+00:00 DEBUG 'ansible_navigator.main' Completed post processing for log_file. (changed=False)
2025-12-03T04:57:19.953975+00:00 DEBUG 'ansible_navigator.main' Completed post processing for pass_environment_variable. (changed=False)
2025-12-03T04:57:19.954000+00:00 DEBUG 'ansible_navigator.main' Completed post processing for playbook. (changed=False)
2025-12-03T04:57:19.954020+00:00 DEBUG 'ansible_navigator.main' Completed post processing for playbook_artifact_replay. (changed=False)
2025-12-03T04:57:19.954040+00:00 DEBUG 'ansible_navigator.main' Completed post processing for playbook_artifact_save_as. (changed=False)
2025-12-03T04:57:19.954060+00:00 DEBUG 'ansible_navigator.main' `plugin_name requesting mode stdout
2025-12-03T04:57:19.954079+00:00 DEBUG 'ansible_navigator.main' Completed post processing for plugin_name. (changed=False)
2025-12-03T04:57:19.954099+00:00 DEBUG 'ansible_navigator.main' Completed post processing for pull_arguments. (changed=False)
2025-12-03T04:57:19.954118+00:00 DEBUG 'ansible_navigator.main' Completed post processing for set_environment_variable. (changed=False)
2025-12-03T04:57:19.954138+00:00 DEBUG 'ansible_navigator.main' Completed post processing for settings_effective. (changed=False)
2025-12-03T04:57:19.954158+00:00 DEBUG 'ansible_navigator.main' Completed post processing for settings_sample. (changed=False)
2025-12-03T04:57:19.954177+00:00 DEBUG 'ansible_navigator.main' Completed post processing for settings_schema. (changed=False)
2025-12-03T04:57:19.954196+00:00 DEBUG 'ansible_navigator.main' Completed post processing for settings_sources. (changed=False)
2025-12-03T04:57:19.954216+00:00 DEBUG 'ansible_navigator.main' Completed post processing for time_zone. (changed=False)
2025-12-03T04:57:19.954236+00:00 DEBUG 'ansible_navigator.main' Completed post processing for execution_environment_volume_mounts. (changed=False)
2025-12-03T04:57:19.954256+00:00 INFO 'ansible_navigator.main' Parameter 'plugin_name' required mode 'stdout'.
2025-12-03T04:57:19.954275+00:00 INFO 'ansible_navigator.main' Mode will be set to 'stdout'
2025-12-03T04:57:19.954295+00:00 DEBUG 'ansible_navigator.main' Completed post processing for mode. (changed=True)
2025-12-03T04:57:19.954315+00:00 DEBUG 'ansible_navigator.main'  before: 'interactive'
2025-12-03T04:57:19.954335+00:00 DEBUG 'ansible_navigator.main'  after: 'stdout'
2025-12-03T04:57:19.954360+00:00 WARNING 'ansible_navigator.main' Configuration errors encountered, rolling back to previous configuration.
2025-12-03T04:57:19.954391+00:00 DEBUG 'ansible_navigator.main' Prior to rollback: ansible_runner_artifact_dir = 'Not set' (Constants/Not set)
2025-12-03T04:57:19.954411+00:00 DEBUG 'ansible_navigator.main' Prior to rollback: ansible_runner_rotate_artifacts_count = 'Not set' (Constants/Not set)
2025-12-03T04:57:19.954431+00:00 DEBUG 'ansible_navigator.main' Prior to rollback: ansible_runner_timeout = 'Not set' (Constants/Not set)
2025-12-03T04:57:19.954450+00:00 DEBUG 'ansible_navigator.main' Prior to rollback: app = 'doc' (str/Command line)
2025-12-03T04:57:19.954470+00:00 DEBUG 'ansible_navigator.main' Prior to rollback: cmdline = '['-l']' (list/Command line)
2025-12-03T04:57:19.954489+00:00 DEBUG 'ansible_navigator.main' Prior to rollback: collection_doc_cache_path = '/home/student/.cache/ansible-navigator/collection_doc_cache.db' (str/Defaults)
2025-12-03T04:57:19.954509+00:00 DEBUG 'ansible_navigator.main' Prior to rollback: config = 'Not set' (Constants/Not set)
2025-12-03T04:57:19.954529+00:00 DEBUG 'ansible_navigator.main' Prior to rollback: container_engine = 'podman' (str/Settings file)
2025-12-03T04:57:19.954549+00:00 DEBUG 'ansible_navigator.main' Prior to rollback: container_options = 'Not set' (Constants/Not set)
2025-12-03T04:57:19.954572+00:00 DEBUG 'ansible_navigator.main' Prior to rollback: display_color = 'True' (bool/Defaults)
2025-12-03T04:57:19.954592+00:00 DEBUG 'ansible_navigator.main' Prior to rollback: editor_command = 'vi +{line_number} {filename}' (str/Defaults)
2025-12-03T04:57:19.954612+00:00 DEBUG 'ansible_navigator.main' Prior to rollback: editor_console = 'True' (bool/Defaults)
2025-12-03T04:57:19.954631+00:00 DEBUG 'ansible_navigator.main' Prior to rollback: exec_command = '/bin/bash' (str/Defaults)
2025-12-03T04:57:19.954651+00:00 DEBUG 'ansible_navigator.main' Prior to rollback: exec_shell = 'True' (bool/Defaults)
2025-12-03T04:57:19.954670+00:00 DEBUG 'ansible_navigator.main' Prior to rollback: execution_environment = 'True' (bool/Settings file)
2025-12-03T04:57:19.954689+00:00 DEBUG 'ansible_navigator.main' Prior to rollback: execution_environment_image = 'utility.lab.example.com/ee-supported-rhel8:latest' (str/Settings file)
2025-12-03T04:57:19.954709+00:00 DEBUG 'ansible_navigator.main' Prior to rollback: execution_environment_volume_mounts = 'Not set' (Constants/Not set)
2025-12-03T04:57:19.954728+00:00 DEBUG 'ansible_navigator.main' Prior to rollback: help_builder = 'False' (bool/Defaults)
2025-12-03T04:57:19.954748+00:00 DEBUG 'ansible_navigator.main' Prior to rollback: help_config = 'False' (bool/Defaults)
2025-12-03T04:57:19.954767+00:00 DEBUG 'ansible_navigator.main' Prior to rollback: help_doc = 'False' (bool/Defaults)
2025-12-03T04:57:19.954786+00:00 DEBUG 'ansible_navigator.main' Prior to rollback: help_inventory = 'False' (bool/Defaults)
2025-12-03T04:57:19.954818+00:00 DEBUG 'ansible_navigator.main' Prior to rollback: help_playbook = 'False' (bool/Defaults)
2025-12-03T04:57:19.954837+00:00 DEBUG 'ansible_navigator.main' Prior to rollback: images_details = '['everything']' (list/Defaults)
2025-12-03T04:57:19.954856+00:00 DEBUG 'ansible_navigator.main' Prior to rollback: inventory = '['/home/student/projdir/variables/inventory']' (list/Ansible configuration file)
2025-12-03T04:57:19.954881+00:00 DEBUG 'ansible_navigator.main' Prior to rollback: inventory_column = 'Not set' (Constants/Not set)
2025-12-03T04:57:19.954901+00:00 DEBUG 'ansible_navigator.main' Prior to rollback: lint_config = 'Not set' (Constants/Not set)
2025-12-03T04:57:19.954921+00:00 DEBUG 'ansible_navigator.main' Prior to rollback: lintables = 'Not set' (Constants/Not set)
2025-12-03T04:57:19.954940+00:00 DEBUG 'ansible_navigator.main' Prior to rollback: log_append = 'True' (bool/Defaults)
2025-12-03T04:57:19.954960+00:00 DEBUG 'ansible_navigator.main' Prior to rollback: log_file = '/home/student/projdir/variables/ansible-navigator.log' (str/Defaults)
2025-12-03T04:57:19.954980+00:00 DEBUG 'ansible_navigator.main' Prior to rollback: log_level = 'warning' (str/Defaults)
2025-12-03T04:57:19.954999+00:00 DEBUG 'ansible_navigator.main' Prior to rollback: mode = 'stdout' (str/Automatically determined)
2025-12-03T04:57:19.955018+00:00 DEBUG 'ansible_navigator.main' Prior to rollback: osc4 = 'True' (bool/Defaults)
2025-12-03T04:57:19.955038+00:00 DEBUG 'ansible_navigator.main' Prior to rollback: pass_environment_variable = 'Not set' (Constants/Not set)
2025-12-03T04:57:19.955057+00:00 DEBUG 'ansible_navigator.main' Prior to rollback: playbook = 'Not set' (Constants/Not set)
2025-12-03T04:57:19.955076+00:00 DEBUG 'ansible_navigator.main' Prior to rollback: playbook_artifact_enable = 'False' (bool/Settings file)
2025-12-03T04:57:19.955096+00:00 DEBUG 'ansible_navigator.main' Prior to rollback: playbook_artifact_replay = 'Not set' (Constants/Not set)
2025-12-03T04:57:19.955115+00:00 DEBUG 'ansible_navigator.main' Prior to rollback: playbook_artifact_save_as = '{playbook_dir}/{playbook_name}-artifact-{time_stamp}.json' (str/Defaults)
2025-12-03T04:57:19.955134+00:00 DEBUG 'ansible_navigator.main' Prior to rollback: plugin_name = 'Not set' (Constants/Not set)
2025-12-03T04:57:19.955154+00:00 DEBUG 'ansible_navigator.main' Prior to rollback: plugin_type = 'foo' (str/Command line)
2025-12-03T04:57:19.955177+00:00 DEBUG 'ansible_navigator.main' Prior to rollback: pull_arguments = 'Not set' (Constants/Not set)
2025-12-03T04:57:19.955197+00:00 DEBUG 'ansible_navigator.main' Prior to rollback: pull_policy = 'never' (str/Settings file)
2025-12-03T04:57:19.955216+00:00 DEBUG 'ansible_navigator.main' Prior to rollback: set_environment_variable = 'Not set' (Constants/Not set)
2025-12-03T04:57:19.955236+00:00 DEBUG 'ansible_navigator.main' Prior to rollback: settings_effective = 'False' (bool/Defaults)
2025-12-03T04:57:19.955255+00:00 DEBUG 'ansible_navigator.main' Prior to rollback: settings_sample = 'False' (bool/Defaults)
2025-12-03T04:57:19.955275+00:00 DEBUG 'ansible_navigator.main' Prior to rollback: settings_schema = 'json' (str/Defaults)
2025-12-03T04:57:19.955295+00:00 DEBUG 'ansible_navigator.main' Prior to rollback: settings_sources = 'False' (bool/Defaults)
2025-12-03T04:57:19.955314+00:00 DEBUG 'ansible_navigator.main' Prior to rollback: time_zone = 'UTC' (str/Defaults)
2025-12-03T04:57:19.955334+00:00 DEBUG 'ansible_navigator.main' Prior to rollback: workdir = '/home/student/projdir/variables' (str/Defaults)
2025-12-03T04:57:19.955353+00:00 DEBUG 'ansible_navigator.main' After rollback: ansible_runner_artifact_dir = 'Not set' (Constants/Not set)
2025-12-03T04:57:19.955382+00:00 DEBUG 'ansible_navigator.main' After rollback: ansible_runner_rotate_artifacts_count = 'Not set' (Constants/Not set)
2025-12-03T04:57:19.955402+00:00 DEBUG 'ansible_navigator.main' After rollback: ansible_runner_timeout = 'Not set' (Constants/Not set)
2025-12-03T04:57:19.955421+00:00 DEBUG 'ansible_navigator.main' After rollback: app = 'Not set' (Constants/Not set)
2025-12-03T04:57:19.955441+00:00 DEBUG 'ansible_navigator.main' After rollback: cmdline = 'Not set' (Constants/Not set)
2025-12-03T04:57:19.955460+00:00 DEBUG 'ansible_navigator.main' After rollback: collection_doc_cache_path = 'Not set' (Constants/Not set)
2025-12-03T04:57:19.955480+00:00 DEBUG 'ansible_navigator.main' After rollback: config = 'Not set' (Constants/Not set)
2025-12-03T04:57:19.955499+00:00 DEBUG 'ansible_navigator.main' After rollback: container_engine = 'Not set' (Constants/Not set)
2025-12-03T04:57:19.955519+00:00 DEBUG 'ansible_navigator.main' After rollback: container_options = 'Not set' (Constants/Not set)
2025-12-03T04:57:19.955539+00:00 DEBUG 'ansible_navigator.main' After rollback: display_color = 'Not set' (Constants/Not set)
2025-12-03T04:57:19.955558+00:00 DEBUG 'ansible_navigator.main' After rollback: editor_command = 'Not set' (Constants/Not set)
2025-12-03T04:57:19.955578+00:00 DEBUG 'ansible_navigator.main' After rollback: editor_console = 'Not set' (Constants/Not set)
2025-12-03T04:57:19.955597+00:00 DEBUG 'ansible_navigator.main' After rollback: exec_command = 'Not set' (Constants/Not set)
2025-12-03T04:57:19.955617+00:00 DEBUG 'ansible_navigator.main' After rollback: exec_shell = 'Not set' (Constants/Not set)
2025-12-03T04:57:19.955636+00:00 DEBUG 'ansible_navigator.main' After rollback: execution_environment = 'Not set' (Constants/Not set)
2025-12-03T04:57:19.955655+00:00 DEBUG 'ansible_navigator.main' After rollback: execution_environment_image = 'Not set' (Constants/Not set)
2025-12-03T04:57:19.955675+00:00 DEBUG 'ansible_navigator.main' After rollback: execution_environment_volume_mounts = 'Not set' (Constants/Not set)
2025-12-03T04:57:19.955694+00:00 DEBUG 'ansible_navigator.main' After rollback: help_builder = 'Not set' (Constants/Not set)
2025-12-03T04:57:19.955714+00:00 DEBUG 'ansible_navigator.main' After rollback: help_config = 'Not set' (Constants/Not set)
2025-12-03T04:57:19.955733+00:00 DEBUG 'ansible_navigator.main' After rollback: help_doc = 'Not set' (Constants/Not set)
2025-12-03T04:57:19.955753+00:00 DEBUG 'ansible_navigator.main' After rollback: help_inventory = 'Not set' (Constants/Not set)
2025-12-03T04:57:19.955772+00:00 DEBUG 'ansible_navigator.main' After rollback: help_playbook = 'Not set' (Constants/Not set)
2025-12-03T04:57:19.955800+00:00 DEBUG 'ansible_navigator.main' After rollback: images_details = 'Not set' (Constants/Not set)
2025-12-03T04:57:19.955824+00:00 DEBUG 'ansible_navigator.main' After rollback: inventory = 'Not set' (Constants/Not set)
2025-12-03T04:57:19.955844+00:00 DEBUG 'ansible_navigator.main' After rollback: inventory_column = 'Not set' (Constants/Not set)
2025-12-03T04:57:19.955864+00:00 DEBUG 'ansible_navigator.main' After rollback: lint_config = 'Not set' (Constants/Not set)
2025-12-03T04:57:19.955883+00:00 DEBUG 'ansible_navigator.main' After rollback: lintables = 'Not set' (Constants/Not set)
2025-12-03T04:57:19.955903+00:00 DEBUG 'ansible_navigator.main' After rollback: log_append = 'Not set' (Constants/Not set)
2025-12-03T04:57:19.955922+00:00 DEBUG 'ansible_navigator.main' After rollback: log_file = 'Not set' (Constants/Not set)
2025-12-03T04:57:19.955942+00:00 DEBUG 'ansible_navigator.main' After rollback: log_level = 'Not set' (Constants/Not set)
2025-12-03T04:57:19.955961+00:00 DEBUG 'ansible_navigator.main' After rollback: mode = 'Not set' (Constants/Not set)
2025-12-03T04:57:19.955981+00:00 DEBUG 'ansible_navigator.main' After rollback: osc4 = 'Not set' (Constants/Not set)
2025-12-03T04:57:19.956000+00:00 DEBUG 'ansible_navigator.main' After rollback: pass_environment_variable = 'Not set' (Constants/Not set)
2025-12-03T04:57:19.956020+00:00 DEBUG 'ansible_navigator.main' After rollback: playbook = 'Not set' (Constants/Not set)
2025-12-03T04:57:19.956040+00:00 DEBUG 'ansible_navigator.main' After rollback: playbook_artifact_enable = 'Not set' (Constants/Not set)
2025-12-03T04:57:19.956059+00:00 DEBUG 'ansible_navigator.main' After rollback: playbook_artifact_replay = 'Not set' (Constants/Not set)
2025-12-03T04:57:19.956078+00:00 DEBUG 'ansible_navigator.main' After rollback: playbook_artifact_save_as = 'Not set' (Constants/Not set)
2025-12-03T04:57:19.956098+00:00 DEBUG 'ansible_navigator.main' After rollback: plugin_name = 'Not set' (Constants/Not set)
2025-12-03T04:57:19.956117+00:00 DEBUG 'ansible_navigator.main' After rollback: plugin_type = 'Not set' (Constants/Not set)
2025-12-03T04:57:19.956137+00:00 DEBUG 'ansible_navigator.main' After rollback: pull_arguments = 'Not set' (Constants/Not set)
2025-12-03T04:57:19.956156+00:00 DEBUG 'ansible_navigator.main' After rollback: pull_policy = 'Not set' (Constants/Not set)
2025-12-03T04:57:19.956176+00:00 DEBUG 'ansible_navigator.main' After rollback: set_environment_variable = 'Not set' (Constants/Not set)
2025-12-03T04:57:19.956195+00:00 DEBUG 'ansible_navigator.main' After rollback: settings_effective = 'Not set' (Constants/Not set)
2025-12-03T04:57:19.956214+00:00 DEBUG 'ansible_navigator.main' After rollback: settings_sample = 'Not set' (Constants/Not set)
2025-12-03T04:57:19.956234+00:00 DEBUG 'ansible_navigator.main' After rollback: settings_schema = 'Not set' (Constants/Not set)
2025-12-03T04:57:19.956253+00:00 DEBUG 'ansible_navigator.main' After rollback: settings_sources = 'Not set' (Constants/Not set)
2025-12-03T04:57:19.956272+00:00 DEBUG 'ansible_navigator.main' After rollback: time_zone = 'Not set' (Constants/Not set)
2025-12-03T04:57:19.956292+00:00 DEBUG 'ansible_navigator.main' After rollback: workdir = 'Not set' (Constants/Not set)
2025-12-03T04:57:19.956311+00:00 DEBUG 'ansible_navigator.main' Configuration rollback complete.
2025-12-03T04:57:19.956331+00:00 DEBUG 'ansible_navigator.main' Collection doc cache not mounted
2025-12-03T04:57:19.956373+00:00 WARNING 'ansible_navigator.main' Issues were found while applying the settings.
2025-12-03T04:57:19.956400+00:00 INFO 'ansible_navigator.main' Command provided: 'doc -t foo -l'
2025-12-03T04:57:19.956428+00:00 ERROR 'ansible_navigator.main' The setting 'plugin-type' must be one of 'become', 'cache', 'callback', 'cliconf', 'connection', 'httpapi', 'inventory', 'lookup', 'module', 'netconf', 'shell', 'strategy' or 'vars', but set as 'foo'. (Command line)
2025-12-03T04:57:19.956452+00:00 INFO 'ansible_navigator.main' Try again with '-t become', '-t cache', '-t callback', '-t cliconf', '-t connection', '-t httpapi', '-t inventory', '-t lookup', '-t module', '-t netconf', '-t shell', '-t strategy' or '-t vars'
2025-12-03T04:57:19.956478+00:00 INFO 'ansible_navigator.main' Configuration failed, using default log file location. (/home/student/projdir/variables/ansible-navigator.log) Log level set to debug
2025-12-03T04:57:19.956501+00:00 INFO 'ansible_navigator.main' Review the hints and log file to see what went wrong.
2025-12-03T04:59:52.046632+00:00 INFO 'ansible_navigator.setup_logger' New ansible-navigator instance, logging initialized
2025-12-03T04:59:52.047018+00:00 INFO 'ansible_navigator.setup_logger' New ansible-runner instance, logging initialized
2025-12-03T04:59:52.047070+00:00 DEBUG 'ansible_navigator.main' ansible-builder==1.1.0 /usr/lib/python3.9/site-packages
2025-12-03T04:59:52.047097+00:00 DEBUG 'ansible_navigator.main' ansible-core==2.13.0 /usr/lib/python3.9/site-packages
2025-12-03T04:59:52.047121+00:00 DEBUG 'ansible_navigator.main' ansible-navigator==2.1.0 /usr/lib/python3.9/site-packages
2025-12-03T04:59:52.047143+00:00 DEBUG 'ansible_navigator.main' ansible-runner==2.2.0 /usr/lib/python3.9/site-packages
2025-12-03T04:59:52.047165+00:00 DEBUG 'ansible_navigator.main' attrs==21.4.0 /usr/lib/python3.9/site-packages
2025-12-03T04:59:52.047186+00:00 DEBUG 'ansible_navigator.main' babel==2.9.1 /usr/lib/python3.9/site-packages
2025-12-03T04:59:52.047206+00:00 DEBUG 'ansible_navigator.main' bindep==2.10.2 /usr/lib/python3.9/site-packages
2025-12-03T04:59:52.047227+00:00 DEBUG 'ansible_navigator.main' brlapi==0.8.2 /usr/lib64/python3.9/site-packages
2025-12-03T04:59:52.047247+00:00 DEBUG 'ansible_navigator.main' certifi==2020.6.20 /usr/lib/python3.9/site-packages
2025-12-03T04:59:52.047267+00:00 DEBUG 'ansible_navigator.main' cffi==1.15.0 /usr/lib64/python3.9/site-packages
2025-12-03T04:59:52.047287+00:00 DEBUG 'ansible_navigator.main' chardet==4.0.0 /usr/lib/python3.9/site-packages
2025-12-03T04:59:52.047307+00:00 DEBUG 'ansible_navigator.main' charset-normalizer==2.0.11 /usr/lib/python3.9/site-packages
2025-12-03T04:59:52.047327+00:00 DEBUG 'ansible_navigator.main' chrome-gnome-shell==0.0.0 /usr/lib/python3.9/site-packages
2025-12-03T04:59:52.047348+00:00 DEBUG 'ansible_navigator.main' cloud-init==21.1 /usr/lib/python3.9/site-packages
2025-12-03T04:59:52.047393+00:00 DEBUG 'ansible_navigator.main' configobj==5.0.6 /usr/lib/python3.9/site-packages
2025-12-03T04:59:52.047415+00:00 DEBUG 'ansible_navigator.main' cryptography==36.0.1 /usr/lib64/python3.9/site-packages
2025-12-03T04:59:52.047435+00:00 DEBUG 'ansible_navigator.main' cupshelpers==1.0 /usr/lib/python3.9/site-packages
2025-12-03T04:59:52.047455+00:00 DEBUG 'ansible_navigator.main' dasbus==1.4 /usr/lib/python3.9/site-packages
2025-12-03T04:59:52.047475+00:00 DEBUG 'ansible_navigator.main' dbus-python==1.2.18 /usr/lib64/python3.9/site-packages
2025-12-03T04:59:52.047495+00:00 DEBUG 'ansible_navigator.main' decorator==4.4.2 /usr/lib/python3.9/site-packages
2025-12-03T04:59:52.047515+00:00 DEBUG 'ansible_navigator.main' distlib==0.3.4 /usr/local/lib/python3.9/site-packages
2025-12-03T04:59:52.047535+00:00 DEBUG 'ansible_navigator.main' distro==1.6.0 /usr/lib/python3.9/site-packages
2025-12-03T04:59:52.047555+00:00 DEBUG 'ansible_navigator.main' docutils==0.16 /usr/lib/python3.9/site-packages
2025-12-03T04:59:52.047575+00:00 DEBUG 'ansible_navigator.main' ethtool==0.15 /usr/lib64/python3.9/site-packages
2025-12-03T04:59:52.047595+00:00 DEBUG 'ansible_navigator.main' file-magic==0.4.0 /usr/lib/python3.9/site-packages
2025-12-03T04:59:52.047615+00:00 DEBUG 'ansible_navigator.main' filelock==3.7.0 /usr/local/lib/python3.9/site-packages
2025-12-03T04:59:52.047640+00:00 DEBUG 'ansible_navigator.main' gpg==1.15.1 /usr/lib64/python3.9/site-packages
2025-12-03T04:59:52.047670+00:00 DEBUG 'ansible_navigator.main' idna==3.3 /usr/lib/python3.9/site-packages
2025-12-03T04:59:52.047697+00:00 DEBUG 'ansible_navigator.main' iniparse==0.4 /usr/lib/python3.9/site-packages
2025-12-03T04:59:52.047726+00:00 DEBUG 'ansible_navigator.main' jinja2==3.0.3 /usr/lib/python3.9/site-packages
2025-12-03T04:59:52.047751+00:00 DEBUG 'ansible_navigator.main' jsonpatch==1.21 /usr/lib/python3.9/site-packages
2025-12-03T04:59:52.047910+00:00 DEBUG 'ansible_navigator.main' jsonpointer==2.0 /usr/lib/python3.9/site-packages
2025-12-03T04:59:52.047939+00:00 DEBUG 'ansible_navigator.main' jsonschema==3.2.0 /usr/lib/python3.9/site-packages
2025-12-03T04:59:52.047960+00:00 DEBUG 'ansible_navigator.main' libcomps==0.1.18 /usr/lib64/python3.9/site-packages
2025-12-03T04:59:52.047980+00:00 DEBUG 'ansible_navigator.main' lockfile==0.12.2 /usr/lib/python3.9/site-packages
2025-12-03T04:59:52.048000+00:00 DEBUG 'ansible_navigator.main' lxml==4.6.5 /usr/lib64/python3.9/site-packages
2025-12-03T04:59:52.048020+00:00 DEBUG 'ansible_navigator.main' markupsafe==2.1.0 /usr/lib64/python3.9/site-packages
2025-12-03T04:59:52.048040+00:00 DEBUG 'ansible_navigator.main' netifaces==0.10.6 /usr/lib64/python3.9/site-packages
2025-12-03T04:59:52.048060+00:00 DEBUG 'ansible_navigator.main' nftables==0.1 /usr/lib/python3.9/site-packages
2025-12-03T04:59:52.048080+00:00 DEBUG 'ansible_navigator.main' oauthlib==3.1.1 /usr/lib/python3.9/site-packages
2025-12-03T04:59:52.048099+00:00 DEBUG 'ansible_navigator.main' onigurumacffi==1.1.0 /usr/lib64/python3.9/site-packages
2025-12-03T04:59:52.048119+00:00 DEBUG 'ansible_navigator.main' packaging==21.2 /usr/lib/python3.9/site-packages
2025-12-03T04:59:52.048139+00:00 DEBUG 'ansible_navigator.main' parsley==1.3 /usr/lib/python3.9/site-packages
2025-12-03T04:59:52.048159+00:00 DEBUG 'ansible_navigator.main' pbr==5.8.1 /usr/lib/python3.9/site-packages
2025-12-03T04:59:52.048179+00:00 DEBUG 'ansible_navigator.main' perf==0.1 /usr/lib64/python3.9/site-packages
2025-12-03T04:59:52.048198+00:00 DEBUG 'ansible_navigator.main' pexpect==4.8.0 /usr/lib/python3.9/site-packages
2025-12-03T04:59:52.048218+00:00 DEBUG 'ansible_navigator.main' pip==21.2.3 /usr/lib/python3.9/site-packages
2025-12-03T04:59:52.048238+00:00 DEBUG 'ansible_navigator.main' platformdirs==2.5.2 /usr/local/lib/python3.9/site-packages
2025-12-03T04:59:52.048257+00:00 DEBUG 'ansible_navigator.main' prettytable==0.7.2 /usr/lib/python3.9/site-packages
2025-12-03T04:59:52.048277+00:00 DEBUG 'ansible_navigator.main' psutil==5.8.0 /usr/lib64/python3.9/site-packages
2025-12-03T04:59:52.048297+00:00 DEBUG 'ansible_navigator.main' ptyprocess==0.6.0 /usr/lib/python3.9/site-packages
2025-12-03T04:59:52.048316+00:00 DEBUG 'ansible_navigator.main' pycairo==1.20.0 /usr/lib64/python3.9/site-packages
2025-12-03T04:59:52.048336+00:00 DEBUG 'ansible_navigator.main' pycparser==2.21 /usr/lib/python3.9/site-packages
2025-12-03T04:59:52.048355+00:00 DEBUG 'ansible_navigator.main' pycups==2.0.1 /usr/lib64/python3.9/site-packages
2025-12-03T04:59:52.048455+00:00 DEBUG 'ansible_navigator.main' pycurl==7.43.0.6 /usr/lib64/python3.9/site-packages
2025-12-03T04:59:52.048476+00:00 DEBUG 'ansible_navigator.main' pyenchant==3.2.0 /usr/lib/python3.9/site-packages
2025-12-03T04:59:52.048496+00:00 DEBUG 'ansible_navigator.main' pygobject==3.40.1 /usr/lib64/python3.9/site-packages
2025-12-03T04:59:52.048515+00:00 DEBUG 'ansible_navigator.main' pyinotify==0.9.6 /usr/lib/python3.9/site-packages
2025-12-03T04:59:52.048535+00:00 DEBUG 'ansible_navigator.main' pyopenssl==19.1.0 /usr/lib/python3.9/site-packages
2025-12-03T04:59:52.048555+00:00 DEBUG 'ansible_navigator.main' pyparsing==2.4.7 /usr/lib/python3.9/site-packages
2025-12-03T04:59:52.048575+00:00 DEBUG 'ansible_navigator.main' pyrsistent==0.17.3 /usr/lib64/python3.9/site-packages
2025-12-03T04:59:52.048595+00:00 DEBUG 'ansible_navigator.main' pyserial==3.4 /usr/lib/python3.9/site-packages
2025-12-03T04:59:52.048615+00:00 DEBUG 'ansible_navigator.main' pysocks==1.7.1 /usr/lib/python3.9/site-packages
2025-12-03T04:59:52.048634+00:00 DEBUG 'ansible_navigator.main' python-daemon==2.3.0 /usr/lib/python3.9/site-packages
2025-12-03T04:59:52.048654+00:00 DEBUG 'ansible_navigator.main' python-dateutil==2.8.1 /usr/lib/python3.9/site-packages
2025-12-03T04:59:52.048673+00:00 DEBUG 'ansible_navigator.main' python-dmidecode==3.12.2 /usr/lib64/python3.9/site-packages
2025-12-03T04:59:52.048701+00:00 DEBUG 'ansible_navigator.main' python-linux-procfs==0.7.0 /usr/lib/python3.9/site-packages
2025-12-03T04:59:52.048721+00:00 DEBUG 'ansible_navigator.main' pytz==2021.3 /usr/lib/python3.9/site-packages
2025-12-03T04:59:52.048740+00:00 DEBUG 'ansible_navigator.main' pyudev==0.22.0 /usr/lib/python3.9/site-packages
2025-12-03T04:59:52.048760+00:00 DEBUG 'ansible_navigator.main' pyxdg==0.27 /usr/lib/python3.9/site-packages
2025-12-03T04:59:52.048787+00:00 DEBUG 'ansible_navigator.main' pyyaml==5.4.1 /usr/lib64/python3.9/site-packages
2025-12-03T04:59:52.048806+00:00 DEBUG 'ansible_navigator.main' requests==2.27.1 /usr/lib/python3.9/site-packages
2025-12-03T04:59:52.048826+00:00 DEBUG 'ansible_navigator.main' requirements-parser==0.2.0 /usr/lib/python3.9/site-packages
2025-12-03T04:59:52.048845+00:00 DEBUG 'ansible_navigator.main' resolvelib==0.5.4 /usr/lib/python3.9/site-packages
2025-12-03T04:59:52.048865+00:00 DEBUG 'ansible_navigator.main' rpm==4.16.1.3 /usr/lib64/python3.9/site-packages
2025-12-03T04:59:52.048884+00:00 DEBUG 'ansible_navigator.main' selinux==3.3 /usr/lib64/python3.9/site-packages
2025-12-03T04:59:52.048903+00:00 DEBUG 'ansible_navigator.main' sepolicy==3.3 /usr/lib/python3.9/site-packages
2025-12-03T04:59:52.048923+00:00 DEBUG 'ansible_navigator.main' setools==4.4.0 /usr/lib64/python3.9/site-packages
2025-12-03T04:59:52.048943+00:00 DEBUG 'ansible_navigator.main' setroubleshoot==1.1 /usr/lib/python3.9/site-packages
2025-12-03T04:59:52.048962+00:00 DEBUG 'ansible_navigator.main' setuptools==53.0.0 /usr/lib/python3.9/site-packages
2025-12-03T04:59:52.048981+00:00 DEBUG 'ansible_navigator.main' six==1.16.0 /usr/lib/python3.9/site-packages
2025-12-03T04:59:52.049001+00:00 DEBUG 'ansible_navigator.main' sos==4.2 /usr/lib/python3.9/site-packages
2025-12-03T04:59:52.049021+00:00 DEBUG 'ansible_navigator.main' subscription-manager==1.29.26 /usr/lib64/python3.9/site-packages
2025-12-03T04:59:52.049041+00:00 DEBUG 'ansible_navigator.main' systemd-python==234 /usr/lib64/python3.9/site-packages
2025-12-03T04:59:52.049061+00:00 DEBUG 'ansible_navigator.main' urllib3==1.26.8 /usr/lib/python3.9/site-packages
2025-12-03T04:59:52.049080+00:00 DEBUG 'ansible_navigator.main' virtualenv==20.14.1 /usr/local/lib/python3.9/site-packages
2025-12-03T04:59:52.049100+00:00 DEBUG 'ansible_navigator.main' Share directory '/usr/lib/python3.9/share/ansible_navigator' not found (development path)
2025-12-03T04:59:52.049120+00:00 DEBUG 'ansible_navigator.main' Share directory '/home/student/.local/share/ansible_navigator' not found (userbase)
2025-12-03T04:59:52.049140+00:00 DEBUG 'ansible_navigator.main' Share directory '/usr/share/ansible_navigator' found (sys.prefix)
2025-12-03T04:59:52.049161+00:00 DEBUG 'ansible_navigator.main' Default collection_doc_cache_path set to: /home/student/.cache/ansible-navigator/collection_doc_cache.db
2025-12-03T04:59:52.049181+00:00 DEBUG 'ansible_navigator.main' EDITOR environment variable not set
2025-12-03T04:59:52.049201+00:00 DEBUG 'ansible_navigator.main' Default editor_command set to: vi +{line_number} {filename}
2025-12-03T04:59:52.049221+00:00 DEBUG 'ansible_navigator.main' No config file set by ANSIBLE_NAVIGATOR_CONFIG
2025-12-03T04:59:52.049241+00:00 DEBUG 'ansible_navigator.main' Looking in /home/student
2025-12-03T04:59:52.049262+00:00 DEBUG 'ansible_navigator.main' Looking for '/home/student/.ansible-navigator.yml', '/home/student/.ansible-navigator.yaml' and '/home/student/.ansible-navigator.json'
2025-12-03T04:59:52.049283+00:00 DEBUG 'ansible_navigator.main' Found 1: '/home/student/.ansible-navigator.yml'
2025-12-03T04:59:52.049302+00:00 DEBUG 'ansible_navigator.main' Looking in /home/student/projdir/variables
2025-12-03T04:59:52.049322+00:00 DEBUG 'ansible_navigator.main' Looking for '/home/student/projdir/variables/ansible-navigator.yml', '/home/student/projdir/variables/ansible-navigator.yaml' and '/home/student/projdir/variables/ansible-navigator.json'
2025-12-03T04:59:52.049343+00:00 DEBUG 'ansible_navigator.main' Found 1: '/home/student/projdir/variables/ansible-navigator.yml'
2025-12-03T04:59:52.049373+00:00 DEBUG 'ansible_navigator.main' All found 2: '/home/student/.ansible-navigator.yml' and '/home/student/projdir/variables/ansible-navigator.yml'
2025-12-03T04:59:52.049397+00:00 DEBUG 'ansible_navigator.main' Using: /home/student/projdir/variables/ansible-navigator.yml
2025-12-03T04:59:52.049417+00:00 DEBUG 'ansible_navigator.main' Using settings file at /home/student/projdir/variables/ansible-navigator.yml in search path
2025-12-03T04:59:52.049437+00:00 DEBUG 'ansible_navigator.main' Command provided: 'doc -t lookup csvfile -m stdou t'
2025-12-03T04:59:52.049457+00:00 DEBUG 'ansible_navigator.main' ansible-navigator.ansible-runner.artifact-dir not found in settings file
2025-12-03T04:59:52.049477+00:00 DEBUG 'ansible_navigator.main' ansible-navigator.ansible-runner.rotate-artifacts-count not found in settings file
2025-12-03T04:59:52.049497+00:00 DEBUG 'ansible_navigator.main' ansible-navigator.ansible-runner.timeout not found in settings file
2025-12-03T04:59:52.049517+00:00 DEBUG 'ansible_navigator.main' ansible-navigator.app not found in settings file
2025-12-03T04:59:52.049537+00:00 DEBUG 'ansible_navigator.main' ansible-navigator.ansible.cmdline not found in settings file
2025-12-03T04:59:52.049557+00:00 DEBUG 'ansible_navigator.main' ansible-navigator.collection-doc-cache-path not found in settings file
2025-12-03T04:59:52.049577+00:00 DEBUG 'ansible_navigator.main' ansible-navigator.ansible.config.path not found in settings file
2025-12-03T04:59:52.049596+00:00 DEBUG 'ansible_navigator.main' ansible-navigator.execution-environment.container-options not found in settings file
2025-12-03T04:59:52.049616+00:00 DEBUG 'ansible_navigator.main' ansible-navigator.color.enable not found in settings file
2025-12-03T04:59:52.049636+00:00 DEBUG 'ansible_navigator.main' ansible-navigator.editor.command not found in settings file
2025-12-03T04:59:52.049655+00:00 DEBUG 'ansible_navigator.main' ansible-navigator.editor.console not found in settings file
2025-12-03T04:59:52.049675+00:00 DEBUG 'ansible_navigator.main' ansible-navigator.exec.command not found in settings file
2025-12-03T04:59:52.049695+00:00 DEBUG 'ansible_navigator.main' ansible-navigator.exec.shell not found in settings file
2025-12-03T04:59:52.049714+00:00 DEBUG 'ansible_navigator.main' ansible-navigator.execution-environment.volume-mounts not found in settings file
2025-12-03T04:59:52.049734+00:00 DEBUG 'ansible_navigator.main' ansible-navigator.ansible-builder.help not found in settings file
2025-12-03T04:59:52.049754+00:00 DEBUG 'ansible_navigator.main' ansible-navigator.ansible.config.help not found in settings file
2025-12-03T04:59:52.049782+00:00 DEBUG 'ansible_navigator.main' ansible-navigator.ansible.doc.help not found in settings file
2025-12-03T04:59:52.049803+00:00 DEBUG 'ansible_navigator.main' ansible-navigator.ansible.inventory.help not found in settings file
2025-12-03T04:59:52.049823+00:00 DEBUG 'ansible_navigator.main' ansible-navigator.ansible.playbook.help not found in settings file
2025-12-03T04:59:52.049842+00:00 DEBUG 'ansible_navigator.main' ansible-navigator.images.details not found in settings file
2025-12-03T04:59:52.049861+00:00 DEBUG 'ansible_navigator.main' ansible-navigator.ansible.inventory.entries not found in settings file
2025-12-03T04:59:52.049881+00:00 DEBUG 'ansible_navigator.main' ansible-navigator.inventory-columns not found in settings file
2025-12-03T04:59:52.049901+00:00 DEBUG 'ansible_navigator.main' ansible-navigator.ansible-lint.config not found in settings file
2025-12-03T04:59:52.049921+00:00 DEBUG 'ansible_navigator.main' ansible-navigator.ansible-lint.lintables not found in settings file
2025-12-03T04:59:52.049940+00:00 DEBUG 'ansible_navigator.main' ansible-navigator.logging.append not found in settings file
2025-12-03T04:59:52.049959+00:00 DEBUG 'ansible_navigator.main' ansible-navigator.logging.file not found in settings file
2025-12-03T04:59:52.049979+00:00 DEBUG 'ansible_navigator.main' ansible-navigator.logging.level not found in settings file
2025-12-03T04:59:52.050004+00:00 DEBUG 'ansible_navigator.main' ansible-navigator.mode not found in settings file
2025-12-03T04:59:52.050025+00:00 DEBUG 'ansible_navigator.main' ansible-navigator.color.osc4 not found in settings file
2025-12-03T04:59:52.050045+00:00 DEBUG 'ansible_navigator.main' ansible-navigator.execution-environment.environment-variables.pass not found in settings file
2025-12-03T04:59:52.050065+00:00 DEBUG 'ansible_navigator.main' ansible-navigator.ansible.playbook.path not found in settings file
2025-12-03T04:59:52.050085+00:00 DEBUG 'ansible_navigator.main' ansible-navigator.playbook-artifact.replay not found in settings file
2025-12-03T04:59:52.050104+00:00 DEBUG 'ansible_navigator.main' ansible-navigator.playbook-artifact.save-as not found in settings file
2025-12-03T04:59:52.050124+00:00 DEBUG 'ansible_navigator.main' ansible-navigator.ansible.doc.plugin.name not found in settings file
2025-12-03T04:59:52.050154+00:00 DEBUG 'ansible_navigator.main' ansible-navigator.ansible.doc.plugin.type not found in settings file
2025-12-03T04:59:52.050180+00:00 DEBUG 'ansible_navigator.main' ansible-navigator.execution-environment.pull.arguments not found in settings file
2025-12-03T04:59:52.050209+00:00 DEBUG 'ansible_navigator.main' ansible-navigator.execution-environment.environment-variables.set not found in settings file
2025-12-03T04:59:52.050237+00:00 DEBUG 'ansible_navigator.main' ansible-navigator.settings.effective not found in settings file
2025-12-03T04:59:52.050257+00:00 DEBUG 'ansible_navigator.main' ansible-navigator.settings.sample not found in settings file
2025-12-03T04:59:52.050277+00:00 DEBUG 'ansible_navigator.main' ansible-navigator.settings.schema not found in settings file
2025-12-03T04:59:52.050297+00:00 DEBUG 'ansible_navigator.main' ansible-navigator.settings.sources not found in settings file
2025-12-03T04:59:52.050316+00:00 DEBUG 'ansible_navigator.main' ansible-navigator.time-zone not found in settings file
2025-12-03T04:59:52.050336+00:00 DEBUG 'ansible_navigator.main' ansible-navigator.ansible-builder.workdir not found in settings file
2025-12-03T04:59:52.050355+00:00 DEBUG 'ansible_navigator.main' EE support enabled: using current working directory for 'ansible.cfg'
2025-12-03T04:59:52.050388+00:00 INFO 'ansible_navigator.main' EE support enabled: found 'ansible.cfg' in current working directory.
2025-12-03T04:59:52.050409+00:00 DEBUG 'ansible_navigator.main' Completed post processing for ansible_runner_artifact_dir. (changed=False)
2025-12-03T04:59:52.050428+00:00 DEBUG 'ansible_navigator.main' Completed post processing for ansible_runner_rotate_artifacts_count. (changed=False)
2025-12-03T04:59:52.050448+00:00 DEBUG 'ansible_navigator.main' Completed post processing for ansible_runner_timeout. (changed=False)
2025-12-03T04:59:52.050467+00:00 DEBUG 'ansible_navigator.main' Completed post processing for cmdline. (changed=False)
2025-12-03T04:59:52.050487+00:00 DEBUG 'ansible_navigator.main' Completed post processing for collection_doc_cache_path. (changed=False)
2025-12-03T04:59:52.050507+00:00 DEBUG 'ansible_navigator.main' Completed post processing for container_engine. (changed=False)
2025-12-03T04:59:52.050527+00:00 DEBUG 'ansible_navigator.main' Completed post processing for container_options. (changed=False)
2025-12-03T04:59:52.050546+00:00 DEBUG 'ansible_navigator.main' Completed post processing for display_color. (changed=False)
2025-12-03T04:59:52.050566+00:00 DEBUG 'ansible_navigator.main' Completed post processing for execution_environment. (changed=False)
2025-12-03T04:59:52.050585+00:00 DEBUG 'ansible_navigator.main' Completed post processing for execution_environment_image. (changed=False)
2025-12-03T04:59:52.050605+00:00 DEBUG 'ansible_navigator.main' Completed post processing for help_builder. (changed=False)
2025-12-03T04:59:52.050624+00:00 DEBUG 'ansible_navigator.main' Completed post processing for help_config. (changed=False)
2025-12-03T04:59:52.050643+00:00 DEBUG 'ansible_navigator.main' Completed post processing for help_doc. (changed=False)
2025-12-03T04:59:52.050667+00:00 DEBUG 'ansible_navigator.main' Completed post processing for help_inventory. (changed=False)
2025-12-03T04:59:52.050687+00:00 DEBUG 'ansible_navigator.main' Completed post processing for help_playbook. (changed=False)
2025-12-03T04:59:52.050706+00:00 DEBUG 'ansible_navigator.main' Completed post processing for images_details. (changed=False)
2025-12-03T04:59:52.050726+00:00 DEBUG 'ansible_navigator.main' Completed post processing for inventory. (changed=True)
2025-12-03T04:59:52.050745+00:00 DEBUG 'ansible_navigator.main'  before: 'Not set'
2025-12-03T04:59:52.050765+00:00 DEBUG 'ansible_navigator.main'  after: '['/home/student/projdir/variables/inventory']'
2025-12-03T04:59:52.050811+00:00 DEBUG 'ansible_navigator.main' Completed post processing for inventory_column. (changed=False)
2025-12-03T04:59:52.050831+00:00 DEBUG 'ansible_navigator.main' Completed post processing for log_file. (changed=False)
2025-12-03T04:59:52.050851+00:00 DEBUG 'ansible_navigator.main' Completed post processing for pass_environment_variable. (changed=False)
2025-12-03T04:59:52.050871+00:00 DEBUG 'ansible_navigator.main' Completed post processing for playbook. (changed=False)
2025-12-03T04:59:52.050890+00:00 DEBUG 'ansible_navigator.main' Completed post processing for playbook_artifact_replay. (changed=False)
2025-12-03T04:59:52.050910+00:00 DEBUG 'ansible_navigator.main' Completed post processing for playbook_artifact_save_as. (changed=False)
2025-12-03T04:59:52.050930+00:00 DEBUG 'ansible_navigator.main' Completed post processing for plugin_name. (changed=False)
2025-12-03T04:59:52.050949+00:00 DEBUG 'ansible_navigator.main' Completed post processing for pull_arguments. (changed=False)
2025-12-03T04:59:52.050969+00:00 DEBUG 'ansible_navigator.main' Completed post processing for set_environment_variable. (changed=False)
2025-12-03T04:59:52.050988+00:00 DEBUG 'ansible_navigator.main' Completed post processing for settings_effective. (changed=False)
2025-12-03T04:59:52.051008+00:00 DEBUG 'ansible_navigator.main' Completed post processing for settings_sample. (changed=False)
2025-12-03T04:59:52.051028+00:00 DEBUG 'ansible_navigator.main' Completed post processing for settings_schema. (changed=False)
2025-12-03T04:59:52.051047+00:00 DEBUG 'ansible_navigator.main' Completed post processing for settings_sources. (changed=False)
2025-12-03T04:59:52.051067+00:00 DEBUG 'ansible_navigator.main' Completed post processing for time_zone. (changed=False)
2025-12-03T04:59:52.051086+00:00 DEBUG 'ansible_navigator.main' Completed post processing for execution_environment_volume_mounts. (changed=False)
2025-12-03T04:59:52.051109+00:00 DEBUG 'ansible_navigator.main' Completed post processing for mode. (changed=False)
2025-12-03T04:59:52.051135+00:00 WARNING 'ansible_navigator.main' Configuration errors encountered, rolling back to previous configuration.
2025-12-03T04:59:52.051155+00:00 DEBUG 'ansible_navigator.main' Prior to rollback: ansible_runner_artifact_dir = 'Not set' (Constants/Not set)
2025-12-03T04:59:52.051175+00:00 DEBUG 'ansible_navigator.main' Prior to rollback: ansible_runner_rotate_artifacts_count = 'Not set' (Constants/Not set)
2025-12-03T04:59:52.051195+00:00 DEBUG 'ansible_navigator.main' Prior to rollback: ansible_runner_timeout = 'Not set' (Constants/Not set)
2025-12-03T04:59:52.051218+00:00 DEBUG 'ansible_navigator.main' Prior to rollback: app = 'doc' (str/Command line)
2025-12-03T04:59:52.051247+00:00 DEBUG 'ansible_navigator.main' Prior to rollback: cmdline = '['t']' (list/Command line)
2025-12-03T04:59:52.051274+00:00 DEBUG 'ansible_navigator.main' Prior to rollback: collection_doc_cache_path = '/home/student/.cache/ansible-navigator/collection_doc_cache.db' (str/Defaults)
2025-12-03T04:59:52.051302+00:00 DEBUG 'ansible_navigator.main' Prior to rollback: config = 'Not set' (Constants/Not set)
2025-12-03T04:59:52.051328+00:00 DEBUG 'ansible_navigator.main' Prior to rollback: container_engine = 'podman' (str/Settings file)
2025-12-03T04:59:52.051348+00:00 DEBUG 'ansible_navigator.main' Prior to rollback: container_options = 'Not set' (Constants/Not set)
2025-12-03T04:59:52.051394+00:00 DEBUG 'ansible_navigator.main' Prior to rollback: display_color = 'True' (bool/Defaults)
2025-12-03T04:59:52.051415+00:00 DEBUG 'ansible_navigator.main' Prior to rollback: editor_command = 'vi +{line_number} {filename}' (str/Defaults)
2025-12-03T04:59:52.051435+00:00 DEBUG 'ansible_navigator.main' Prior to rollback: editor_console = 'True' (bool/Defaults)
2025-12-03T04:59:52.051455+00:00 DEBUG 'ansible_navigator.main' Prior to rollback: exec_command = '/bin/bash' (str/Defaults)
2025-12-03T04:59:52.051474+00:00 DEBUG 'ansible_navigator.main' Prior to rollback: exec_shell = 'True' (bool/Defaults)
2025-12-03T04:59:52.051494+00:00 DEBUG 'ansible_navigator.main' Prior to rollback: execution_environment = 'True' (bool/Settings file)
2025-12-03T04:59:52.051513+00:00 DEBUG 'ansible_navigator.main' Prior to rollback: execution_environment_image = 'utility.lab.example.com/ee-supported-rhel8:latest' (str/Settings file)
2025-12-03T04:59:52.051533+00:00 DEBUG 'ansible_navigator.main' Prior to rollback: execution_environment_volume_mounts = 'Not set' (Constants/Not set)
2025-12-03T04:59:52.051553+00:00 DEBUG 'ansible_navigator.main' Prior to rollback: help_builder = 'False' (bool/Defaults)
2025-12-03T04:59:52.051572+00:00 DEBUG 'ansible_navigator.main' Prior to rollback: help_config = 'False' (bool/Defaults)
2025-12-03T04:59:52.051592+00:00 DEBUG 'ansible_navigator.main' Prior to rollback: help_doc = 'False' (bool/Defaults)
2025-12-03T04:59:52.051611+00:00 DEBUG 'ansible_navigator.main' Prior to rollback: help_inventory = 'False' (bool/Defaults)
2025-12-03T04:59:52.051631+00:00 DEBUG 'ansible_navigator.main' Prior to rollback: help_playbook = 'False' (bool/Defaults)
2025-12-03T04:59:52.051650+00:00 DEBUG 'ansible_navigator.main' Prior to rollback: images_details = '['everything']' (list/Defaults)
2025-12-03T04:59:52.051670+00:00 DEBUG 'ansible_navigator.main' Prior to rollback: inventory = '['/home/student/projdir/variables/inventory']' (list/Ansible configuration file)
2025-12-03T04:59:52.051690+00:00 DEBUG 'ansible_navigator.main' Prior to rollback: inventory_column = 'Not set' (Constants/Not set)
2025-12-03T04:59:52.051709+00:00 DEBUG 'ansible_navigator.main' Prior to rollback: lint_config = 'Not set' (Constants/Not set)
2025-12-03T04:59:52.051729+00:00 DEBUG 'ansible_navigator.main' Prior to rollback: lintables = 'Not set' (Constants/Not set)
2025-12-03T04:59:52.051748+00:00 DEBUG 'ansible_navigator.main' Prior to rollback: log_append = 'True' (bool/Defaults)
2025-12-03T04:59:52.051768+00:00 DEBUG 'ansible_navigator.main' Prior to rollback: log_file = '/home/student/projdir/variables/ansible-navigator.log' (str/Defaults)
2025-12-03T04:59:52.051797+00:00 DEBUG 'ansible_navigator.main' Prior to rollback: log_level = 'warning' (str/Defaults)
2025-12-03T04:59:52.051817+00:00 DEBUG 'ansible_navigator.main' Prior to rollback: mode = 'stdou' (str/Command line)
2025-12-03T04:59:52.051836+00:00 DEBUG 'ansible_navigator.main' Prior to rollback: osc4 = 'True' (bool/Defaults)
2025-12-03T04:59:52.051856+00:00 DEBUG 'ansible_navigator.main' Prior to rollback: pass_environment_variable = 'Not set' (Constants/Not set)
2025-12-03T04:59:52.051876+00:00 DEBUG 'ansible_navigator.main' Prior to rollback: playbook = 'Not set' (Constants/Not set)
2025-12-03T04:59:52.051895+00:00 DEBUG 'ansible_navigator.main' Prior to rollback: playbook_artifact_enable = 'False' (bool/Settings file)
2025-12-03T04:59:52.051915+00:00 DEBUG 'ansible_navigator.main' Prior to rollback: playbook_artifact_replay = 'Not set' (Constants/Not set)
2025-12-03T04:59:52.051934+00:00 DEBUG 'ansible_navigator.main' Prior to rollback: playbook_artifact_save_as = '{playbook_dir}/{playbook_name}-artifact-{time_stamp}.json' (str/Defaults)
2025-12-03T04:59:52.051954+00:00 DEBUG 'ansible_navigator.main' Prior to rollback: plugin_name = 'csvfile' (str/Command line)
2025-12-03T04:59:52.051974+00:00 DEBUG 'ansible_navigator.main' Prior to rollback: plugin_type = 'lookup' (str/Command line)
2025-12-03T04:59:52.051993+00:00 DEBUG 'ansible_navigator.main' Prior to rollback: pull_arguments = 'Not set' (Constants/Not set)
2025-12-03T04:59:52.052019+00:00 DEBUG 'ansible_navigator.main' Prior to rollback: pull_policy = 'never' (str/Settings file)
2025-12-03T04:59:52.052039+00:00 DEBUG 'ansible_navigator.main' Prior to rollback: set_environment_variable = 'Not set' (Constants/Not set)
2025-12-03T04:59:52.052058+00:00 DEBUG 'ansible_navigator.main' Prior to rollback: settings_effective = 'False' (bool/Defaults)
2025-12-03T04:59:52.052078+00:00 DEBUG 'ansible_navigator.main' Prior to rollback: settings_sample = 'False' (bool/Defaults)
2025-12-03T04:59:52.052098+00:00 DEBUG 'ansible_navigator.main' Prior to rollback: settings_schema = 'json' (str/Defaults)
2025-12-03T04:59:52.052117+00:00 DEBUG 'ansible_navigator.main' Prior to rollback: settings_sources = 'False' (bool/Defaults)
2025-12-03T04:59:52.052136+00:00 DEBUG 'ansible_navigator.main' Prior to rollback: time_zone = 'UTC' (str/Defaults)
2025-12-03T04:59:52.052156+00:00 DEBUG 'ansible_navigator.main' Prior to rollback: workdir = '/home/student/projdir/variables' (str/Defaults)
2025-12-03T04:59:52.052176+00:00 DEBUG 'ansible_navigator.main' After rollback: ansible_runner_artifact_dir = 'Not set' (Constants/Not set)
2025-12-03T04:59:52.052195+00:00 DEBUG 'ansible_navigator.main' After rollback: ansible_runner_rotate_artifacts_count = 'Not set' (Constants/Not set)
2025-12-03T04:59:52.052215+00:00 DEBUG 'ansible_navigator.main' After rollback: ansible_runner_timeout = 'Not set' (Constants/Not set)
2025-12-03T04:59:52.052234+00:00 DEBUG 'ansible_navigator.main' After rollback: app = 'Not set' (Constants/Not set)
2025-12-03T04:59:52.052253+00:00 DEBUG 'ansible_navigator.main' After rollback: cmdline = 'Not set' (Constants/Not set)
2025-12-03T04:59:52.052273+00:00 DEBUG 'ansible_navigator.main' After rollback: collection_doc_cache_path = 'Not set' (Constants/Not set)
2025-12-03T04:59:52.052292+00:00 DEBUG 'ansible_navigator.main' After rollback: config = 'Not set' (Constants/Not set)
2025-12-03T04:59:52.052312+00:00 DEBUG 'ansible_navigator.main' After rollback: container_engine = 'Not set' (Constants/Not set)
2025-12-03T04:59:52.052331+00:00 DEBUG 'ansible_navigator.main' After rollback: container_options = 'Not set' (Constants/Not set)
2025-12-03T04:59:52.052351+00:00 DEBUG 'ansible_navigator.main' After rollback: display_color = 'Not set' (Constants/Not set)
2025-12-03T04:59:52.052402+00:00 DEBUG 'ansible_navigator.main' After rollback: editor_command = 'Not set' (Constants/Not set)
2025-12-03T04:59:52.052423+00:00 DEBUG 'ansible_navigator.main' After rollback: editor_console = 'Not set' (Constants/Not set)
2025-12-03T04:59:52.052442+00:00 DEBUG 'ansible_navigator.main' After rollback: exec_command = 'Not set' (Constants/Not set)
2025-12-03T04:59:52.052462+00:00 DEBUG 'ansible_navigator.main' After rollback: exec_shell = 'Not set' (Constants/Not set)
2025-12-03T04:59:52.052481+00:00 DEBUG 'ansible_navigator.main' After rollback: execution_environment = 'Not set' (Constants/Not set)
2025-12-03T04:59:52.052501+00:00 DEBUG 'ansible_navigator.main' After rollback: execution_environment_image = 'Not set' (Constants/Not set)
2025-12-03T04:59:52.052521+00:00 DEBUG 'ansible_navigator.main' After rollback: execution_environment_volume_mounts = 'Not set' (Constants/Not set)
2025-12-03T04:59:52.052540+00:00 DEBUG 'ansible_navigator.main' After rollback: help_builder = 'Not set' (Constants/Not set)
2025-12-03T04:59:52.052559+00:00 DEBUG 'ansible_navigator.main' After rollback: help_config = 'Not set' (Constants/Not set)
2025-12-03T04:59:52.052579+00:00 DEBUG 'ansible_navigator.main' After rollback: help_doc = 'Not set' (Constants/Not set)
2025-12-03T04:59:52.052598+00:00 DEBUG 'ansible_navigator.main' After rollback: help_inventory = 'Not set' (Constants/Not set)
2025-12-03T04:59:52.052618+00:00 DEBUG 'ansible_navigator.main' After rollback: help_playbook = 'Not set' (Constants/Not set)
2025-12-03T04:59:52.052637+00:00 DEBUG 'ansible_navigator.main' After rollback: images_details = 'Not set' (Constants/Not set)
2025-12-03T04:59:52.052659+00:00 DEBUG 'ansible_navigator.main' After rollback: inventory = 'Not set' (Constants/Not set)
2025-12-03T04:59:52.052679+00:00 DEBUG 'ansible_navigator.main' After rollback: inventory_column = 'Not set' (Constants/Not set)
2025-12-03T04:59:52.052699+00:00 DEBUG 'ansible_navigator.main' After rollback: lint_config = 'Not set' (Constants/Not set)
2025-12-03T04:59:52.052718+00:00 DEBUG 'ansible_navigator.main' After rollback: lintables = 'Not set' (Constants/Not set)
2025-12-03T04:59:52.052738+00:00 DEBUG 'ansible_navigator.main' After rollback: log_append = 'Not set' (Constants/Not set)
2025-12-03T04:59:52.052758+00:00 DEBUG 'ansible_navigator.main' After rollback: log_file = 'Not set' (Constants/Not set)
2025-12-03T04:59:52.052785+00:00 DEBUG 'ansible_navigator.main' After rollback: log_level = 'Not set' (Constants/Not set)
2025-12-03T04:59:52.052805+00:00 DEBUG 'ansible_navigator.main' After rollback: mode = 'Not set' (Constants/Not set)
2025-12-03T04:59:52.052824+00:00 DEBUG 'ansible_navigator.main' After rollback: osc4 = 'Not set' (Constants/Not set)
2025-12-03T04:59:52.052844+00:00 DEBUG 'ansible_navigator.main' After rollback: pass_environment_variable = 'Not set' (Constants/Not set)
2025-12-03T04:59:52.052863+00:00 DEBUG 'ansible_navigator.main' After rollback: playbook = 'Not set' (Constants/Not set)
2025-12-03T04:59:52.052883+00:00 DEBUG 'ansible_navigator.main' After rollback: playbook_artifact_enable = 'Not set' (Constants/Not set)
2025-12-03T04:59:52.052902+00:00 DEBUG 'ansible_navigator.main' After rollback: playbook_artifact_replay = 'Not set' (Constants/Not set)
2025-12-03T04:59:52.052922+00:00 DEBUG 'ansible_navigator.main' After rollback: playbook_artifact_save_as = 'Not set' (Constants/Not set)
2025-12-03T04:59:52.052942+00:00 DEBUG 'ansible_navigator.main' After rollback: plugin_name = 'Not set' (Constants/Not set)
2025-12-03T04:59:52.052961+00:00 DEBUG 'ansible_navigator.main' After rollback: plugin_type = 'Not set' (Constants/Not set)
2025-12-03T04:59:52.052981+00:00 DEBUG 'ansible_navigator.main' After rollback: pull_arguments = 'Not set' (Constants/Not set)
2025-12-03T04:59:52.053000+00:00 DEBUG 'ansible_navigator.main' After rollback: pull_policy = 'Not set' (Constants/Not set)
2025-12-03T04:59:52.053020+00:00 DEBUG 'ansible_navigator.main' After rollback: set_environment_variable = 'Not set' (Constants/Not set)
2025-12-03T04:59:52.053039+00:00 DEBUG 'ansible_navigator.main' After rollback: settings_effective = 'Not set' (Constants/Not set)
2025-12-03T04:59:52.053059+00:00 DEBUG 'ansible_navigator.main' After rollback: settings_sample = 'Not set' (Constants/Not set)
2025-12-03T04:59:52.053078+00:00 DEBUG 'ansible_navigator.main' After rollback: settings_schema = 'Not set' (Constants/Not set)
2025-12-03T04:59:52.053097+00:00 DEBUG 'ansible_navigator.main' After rollback: settings_sources = 'Not set' (Constants/Not set)
2025-12-03T04:59:52.053117+00:00 DEBUG 'ansible_navigator.main' After rollback: time_zone = 'Not set' (Constants/Not set)
2025-12-03T04:59:52.053136+00:00 DEBUG 'ansible_navigator.main' After rollback: workdir = 'Not set' (Constants/Not set)
2025-12-03T04:59:52.053156+00:00 DEBUG 'ansible_navigator.main' Configuration rollback complete.
2025-12-03T04:59:52.053176+00:00 DEBUG 'ansible_navigator.main' Collection doc cache not mounted
2025-12-03T04:59:52.053211+00:00 WARNING 'ansible_navigator.main' Issues were found while applying the settings.
2025-12-03T04:59:52.053236+00:00 INFO 'ansible_navigator.main' Command provided: 'doc -t lookup csvfile -m stdou t'
2025-12-03T04:59:52.053263+00:00 ERROR 'ansible_navigator.main' The setting 'mode' must be one of 'stdout' or 'interactive', but set as 'stdou'. (Command line)
2025-12-03T04:59:52.053287+00:00 INFO 'ansible_navigator.main' Try again with '-m stdout' or '-m interactive'
2025-12-03T04:59:52.053309+00:00 INFO 'ansible_navigator.main' Configuration failed, using default log file location. (/home/student/projdir/variables/ansible-navigator.log) Log level set to debug
2025-12-03T04:59:52.053332+00:00 INFO 'ansible_navigator.main' Review the hints and log file to see what went wrong.
